<?xml version="1.0" encoding="UTF-8"?>
<!-- Generated by org.testng.reporters.JUnitReportReporter -->
<testsuite hostname="DESKTOP-B1HDJAB" failures="0" tests="1" name="DifffrentWaysToPOST.CreateProjectUsingJSONfile" time="1.609" errors="0" timestamp="2022-04-20T16:44:42 IST" skipped="0">
  <testcase classname="DifffrentWaysToPOST.CreateProjectUsingJSONfile" name="createProject" time="1.609"/>
  <system-out/>
</testsuite> <!-- DifffrentWaysToPOST.CreateProjectUsingJSONfile -->
