<?xml version="1.0" encoding="UTF-8"?>
<!-- Generated by org.testng.reporters.JUnitReportReporter -->
<testsuite hostname="DESKTOP-B1HDJAB" failures="0" tests="3" name="responsevValidation.CreateMultipleProjectWithDiffData" time="2.374" errors="0" timestamp="2022-04-21T13:22:24 IST" skipped="0">
  <testcase classname="responsevValidation.CreateMultipleProjectWithDiffData" name="createProject" time="2.232"/>
  <system-out/>
  <testcase classname="responsevValidation.CreateMultipleProjectWithDiffData" name="createProject" time="0.070"/>
  <system-out/>
  <testcase classname="responsevValidation.CreateMultipleProjectWithDiffData" name="createProject" time="0.072"/>
  <system-out/>
</testsuite> <!-- responsevValidation.CreateMultipleProjectWithDiffData -->
