<?xml version="1.0" encoding="UTF-8"?>
<!-- Generated by org.testng.reporters.JUnitReportReporter -->
<testsuite hostname="DESKTOP-B1HDJAB" failures="0" tests="1" name="parameter.PathParameter" time="1.630" errors="0" timestamp="2022-04-21T14:47:47 IST" skipped="0">
  <testcase classname="parameter.PathParameter" name="getSingleProject" time="1.630"/>
  <system-out/>
</testsuite> <!-- parameter.PathParameter -->
