<?xml version="1.0" encoding="UTF-8"?>
<!-- Generated by org.testng.reporters.JUnitReportReporter -->
<testsuite hostname="DESKTOP-B1HDJAB" failures="0" tests="1" name="CRUDOperationsWithoutBDD.CreateProjectTest" time="2.793" errors="0" timestamp="2022-04-20T14:15:21 IST" skipped="0">
  <testcase classname="CRUDOperationsWithoutBDD.CreateProjectTest" name="ctreateProjectTest" time="2.793"/>
  <system-out/>
</testsuite> <!-- CRUDOperationsWithoutBDD.CreateProjectTest -->
