<?xml version="1.0" encoding="UTF-8"?>
<!-- Generated by org.testng.reporters.JUnitReportReporter -->
<testsuite hostname="DESKTOP-B1HDJAB" failures="0" tests="1" name="CRUDOperationsWithBDD.GetAllProject" time="2.188" errors="0" timestamp="2022-04-21T12:36:05 IST" skipped="0">
  <testcase classname="CRUDOperationsWithBDD.GetAllProject" name="getAllProject" time="2.188"/>
  <system-out/>
</testsuite> <!-- CRUDOperationsWithBDD.GetAllProject -->
