<?xml version="1.0" encoding="UTF-8"?>
<!-- Generated by org.testng.reporters.JUnitReportReporter -->
<testsuite hostname="DESKTOP-B1HDJAB" failures="0" tests="1" name="CRUDOperationsWithBDD.GetUpdateProjectTest" time="1.958" errors="0" timestamp="2022-04-20T16:20:56 IST" skipped="0">
  <testcase classname="CRUDOperationsWithBDD.GetUpdateProjectTest" name="getUpdateProjectTest" time="1.958"/>
  <system-out/>
</testsuite> <!-- CRUDOperationsWithBDD.GetUpdateProjectTest -->
