<?xml version="1.0" encoding="UTF-8"?>
<!-- Generated by org.testng.reporters.JUnitReportReporter -->
<testsuite hostname="DESKTOP-B1HDJAB" failures="0" tests="1" name="CRUDOperationsWithoutBDD.GetAllProjectTest" time="1.937" errors="0" timestamp="2022-04-21T13:58:26 IST" skipped="0">
  <testcase classname="CRUDOperationsWithoutBDD.GetAllProjectTest" name="getAllProjectTest" time="1.937"/>
  <system-out/>
</testsuite> <!-- CRUDOperationsWithoutBDD.GetAllProjectTest -->
