<?xml version="1.0" encoding="UTF-8"?>
<!-- Generated by org.testng.reporters.JUnitReportReporter -->
<testsuite hostname="DESKTOP-B1HDJAB" failures="0" tests="1" name="CRUDOperationsWithoutBDD.DeleteProjectTest" time="1.759" errors="0" timestamp="2022-04-20T14:41:07 IST" skipped="0">
  <testcase classname="CRUDOperationsWithoutBDD.DeleteProjectTest" name="deleteProjectTest" time="1.759"/>
  <system-out/>
</testsuite> <!-- CRUDOperationsWithoutBDD.DeleteProjectTest -->
