<?xml version="1.0" encoding="UTF-8"?>
<!-- Generated by org.testng.reporters.JUnitReportReporter -->
<testsuite hostname="DESKTOP-B1HDJAB" failures="0" tests="1" name="parameter.FormParameter" time="1.655" errors="0" timestamp="2022-04-21T14:56:05 IST" skipped="0">
  <testcase classname="parameter.FormParameter" name="creareProjectUsingFormParameter" time="1.655"/>
  <system-out/>
</testsuite> <!-- parameter.FormParameter -->
