<?xml version="1.0" encoding="UTF-8"?>
<!-- Generated by org.testng.reporters.JUnitReportReporter -->
<testsuite hostname="DESKTOP-B1HDJAB" failures="0" tests="1" name="responsevValidation.StaticResponseValidation" time="2.254" errors="0" timestamp="2022-04-21T11:48:59 IST" skipped="0">
  <testcase classname="responsevValidation.StaticResponseValidation" name="staticResponse" time="2.254"/>
  <system-out/>
</testsuite> <!-- responsevValidation.StaticResponseValidation -->
