<?xml version="1.0" encoding="UTF-8"?>
<!-- Generated by org.testng.reporters.JUnitReportReporter -->
<testsuite hostname="DESKTOP-B1HDJAB" failures="0" tests="1" name="DifffrentWaysToPOST.CreateProjectUsingPOSO" time="1.924" errors="0" timestamp="2022-04-20T17:05:57 IST" skipped="0">
  <testcase classname="DifffrentWaysToPOST.CreateProjectUsingPOSO" name="createProject" time="1.924"/>
  <system-out/>
</testsuite> <!-- DifffrentWaysToPOST.CreateProjectUsingPOSO -->
