<?xml version="1.0" encoding="UTF-8"?>
<!-- Generated by org.testng.reporters.JUnitReportReporter -->
<testsuite hostname="DESKTOP-B1HDJAB" failures="0" tests="1" name="responsevValidation.DynamicResponseValidation" time="2.427" errors="0" timestamp="2022-04-21T14:00:21 IST" skipped="0">
  <testcase classname="responsevValidation.DynamicResponseValidation" name="dynamicResponse" time="2.427"/>
  <system-out/>
</testsuite> <!-- responsevValidation.DynamicResponseValidation -->
