<?xml version="1.0" encoding="UTF-8"?>
<!-- Generated by org.testng.reporters.JUnitReportReporter -->
<testsuite hostname="DESKTOP-B1HDJAB" failures="0" tests="1" name="authentications.BearerToken" time="4.362" errors="0" timestamp="2022-04-21T16:43:15 IST" skipped="0">
  <testcase classname="authentications.BearerToken" name="bearerToken" time="4.362"/>
  <system-out/>
</testsuite> <!-- authentications.BearerToken -->
