<?xml version="1.0" encoding="UTF-8"?>
<!-- Generated by org.testng.reporters.JUnitReportReporter -->
<testsuite hostname="DESKTOP-B1HDJAB" failures="0" tests="1" name="responsevValidation.ResponseTimeValidation" time="1.820" errors="0" timestamp="2022-04-21T13:23:08 IST" skipped="0">
  <testcase classname="responsevValidation.ResponseTimeValidation" name="responseTimeValidation" time="1.820"/>
  <system-out/>
</testsuite> <!-- responsevValidation.ResponseTimeValidation -->
