<?xml version="1.0" encoding="UTF-8"?>
<!-- Generated by org.testng.reporters.JUnitReportReporter -->
<testsuite hostname="DESKTOP-B1HDJAB" failures="0" tests="1" name="CRUDOperationsWithBDD.GetSingleprojectTest" time="1.804" errors="0" timestamp="2022-04-20T20:17:11 IST" skipped="0">
  <testcase classname="CRUDOperationsWithBDD.GetSingleprojectTest" name="getSingleProject" time="1.804"/>
  <system-out/>
</testsuite> <!-- CRUDOperationsWithBDD.GetSingleprojectTest -->
