<?xml version="1.0" encoding="UTF-8"?>
<!-- Generated by org.testng.reporters.JUnitReportReporter -->
<testsuite hostname="DESKTOP-B1HDJAB" failures="0" tests="1" name="rmgyantraTestWithFrameWork.CreateProjectAndVerifyInDatabase" time="2.605" errors="0" timestamp="2022-04-22T23:54:12 IST" skipped="0">
  <testcase classname="rmgyantraTestWithFrameWork.CreateProjectAndVerifyInDatabase" name="createProjectAndVerifyInDatabase" time="2.605"/>
  <system-out/>
</testsuite> <!-- rmgyantraTestWithFrameWork.CreateProjectAndVerifyInDatabase -->
