<?xml version="1.0" encoding="UTF-8"?>
<!-- Generated by org.testng.reporters.JUnitReportReporter -->
<testsuite hostname="DESKTOP-B1HDJAB" failures="0" tests="3" name="authentications.BasicAuth" time="2.108" errors="0" timestamp="2022-04-21T17:09:11 IST" skipped="0">
  <testcase classname="authentications.BasicAuth" name="basicPreEmpitiveAuth" time="0.130"/>
  <system-out/>
  <testcase classname="authentications.BasicAuth" name="basicDigestiveAuth" time="0.169"/>
  <system-out/>
  <testcase classname="authentications.BasicAuth" name="basicAuth" time="1.809"/>
  <system-out/>
</testsuite> <!-- authentications.BasicAuth -->
