<?xml version="1.0" encoding="UTF-8"?>
<!-- Generated by org.testng.reporters.JUnitReportReporter -->
<testsuite hostname="DESKTOP-B1HDJAB" failures="0" tests="1" name="responsevValidation.StaticResponseValidationGet" time="2.301" errors="0" timestamp="2022-04-21T12:37:13 IST" skipped="0">
  <testcase classname="responsevValidation.StaticResponseValidationGet" name="responseValidationGet" time="2.301"/>
  <system-out/>
</testsuite> <!-- responsevValidation.StaticResponseValidationGet -->
