<?xml version="1.0" encoding="UTF-8"?>
<!-- Generated by org.testng.reporters.JUnitReportReporter -->
<testsuite hostname="DESKTOP-B1HDJAB" failures="0" tests="1" name="DifffrentWaysToPOST.CreateProjectUsingJSONobject" time="1.965" errors="0" timestamp="2022-04-20T17:28:40 IST" skipped="0">
  <testcase classname="DifffrentWaysToPOST.CreateProjectUsingJSONobject" name="createproject" time="1.965"/>
  <system-out/>
</testsuite> <!-- DifffrentWaysToPOST.CreateProjectUsingJSONobject -->
