<?xml version="1.0" encoding="UTF-8"?>
<!-- Generated by org.testng.reporters.JUnitReportReporter -->
<testsuite hostname="DESKTOP-B1HDJAB" failures="0" tests="1" name="authentications.Oauth2_0" time="3.583" errors="0" timestamp="2022-04-21T18:11:20 IST" skipped="0">
  <testcase classname="authentications.Oauth2_0" name="oauthAuthentication" time="3.583"/>
  <system-out/>
</testsuite> <!-- authentications.Oauth2_0 -->
