<?xml version="1.0" encoding="UTF-8"?>
<!-- Generated by org.testng.reporters.JUnitReportReporter -->
<testsuite hostname="DESKTOP-B1HDJAB" failures="0" tests="1" name="CRUDOperationsWithoutBDD.GetSingleProjectTest" time="1.783" errors="0" timestamp="2022-04-20T14:32:57 IST" skipped="0">
  <testcase classname="CRUDOperationsWithoutBDD.GetSingleProjectTest" name="getSingleProject" time="1.783"/>
  <system-out/>
</testsuite> <!-- CRUDOperationsWithoutBDD.GetSingleProjectTest -->
