<?xml version="1.0" encoding="UTF-8"?>
<!-- Generated by org.testng.reporters.JUnitReportReporter -->
<testsuite hostname="DESKTOP-B1HDJAB" failures="0" tests="1" name="parameter.QueryParameter" time="2.341" errors="0" timestamp="2022-04-21T15:05:06 IST" skipped="0">
  <testcase classname="parameter.QueryParameter" name="queryParameter" time="2.341"/>
  <system-out/>
</testsuite> <!-- parameter.QueryParameter -->
