<?xml version="1.0" encoding="UTF-8"?>
<!-- Generated by org.testng.reporters.JUnitReportReporter -->
<testsuite hostname="DESKTOP-B1HDJAB" failures="0" tests="1" name="DifffrentWaysToPOST.CreateProjectUsingHashMap" time="1.932" errors="0" timestamp="2022-04-20T17:18:15 IST" skipped="0">
  <testcase classname="DifffrentWaysToPOST.CreateProjectUsingHashMap" name="createProject" time="1.932"/>
  <system-out/>
</testsuite> <!-- DifffrentWaysToPOST.CreateProjectUsingHashMap -->
