<?xml version="1.0" encoding="UTF-8"?>
<!-- Generated by org.testng.reporters.JUnitReportReporter -->
<testsuite hostname="DESKTOP-B1HDJAB" failures="0" tests="1" name="CRUDOperationsWithoutBDD.UpdateProjectTest" time="2.189" errors="0" timestamp="2022-04-20T14:17:11 IST" skipped="0">
  <testcase classname="CRUDOperationsWithoutBDD.UpdateProjectTest" name="updateProjectTest" time="2.189"/>
  <system-out/>
</testsuite> <!-- CRUDOperationsWithoutBDD.UpdateProjectTest -->
