<?xml version="1.0" encoding="UTF-8"?>
<!-- Generated by org.testng.reporters.JUnitReportReporter -->
<testsuite hostname="DESKTOP-B1HDJAB" failures="0" tests="1" name="CRUDOperationsWithBDD.CreateProjectTest" time="2.205" errors="0" timestamp="2022-04-20T15:07:35 IST" skipped="0">
  <testcase classname="CRUDOperationsWithBDD.CreateProjectTest" name="createProjectTest" time="2.205"/>
  <system-out/>
</testsuite> <!-- CRUDOperationsWithBDD.CreateProjectTest -->
