<?xml version="1.0" encoding="UTF-8"?>
<!-- Generated by org.testng.reporters.JUnitReportReporter -->
<testsuite hostname="DESKTOP-B1HDJAB" failures="0" tests="1" name="parameter.ParameterTestForGit" time="4.246" errors="0" timestamp="2022-04-23T00:15:03 IST" skipped="0">
  <testcase classname="parameter.ParameterTestForGit" name="parameterTest" time="4.246"/>
  <system-out/>
</testsuite> <!-- parameter.ParameterTestForGit -->
